  Login.cpp
c:\users\tbdpa\onedrive\문서\github\softwareengineering\과제 3\최종\assign3\assign3\login.cpp : warning C4819: 현재 코드 페이지(949)에서 표시할 수 없는 문자가 파일에 들어 있습니다. 데이터가 손실되지 않게 하려면 해당 파일을 유니코드 형식으로 저장하십시오.
c:\users\tbdpa\onedrive\문서\github\softwareengineering\과제 3\최종\assign3\assign3\member.h : warning C4819: 현재 코드 페이지(949)에서 표시할 수 없는 문자가 파일에 들어 있습니다. 데이터가 손실되지 않게 하려면 해당 파일을 유니코드 형식으로 저장하십시오.
c:\users\tbdpa\onedrive\문서\github\softwareengineering\과제 3\최종\assign3\assign3\member.h : warning C4819: 현재 코드 페이지(949)에서 표시할 수 없는 문자가 파일에 들어 있습니다. 데이터가 손실되지 않게 하려면 해당 파일을 유니코드 형식으로 저장하십시오.
c:\users\tbdpa\onedrive\문서\github\softwareengineering\과제 3\최종\assign3\assign3\session.h : warning C4819: 현재 코드 페이지(949)에서 표시할 수 없는 문자가 파일에 들어 있습니다. 데이터가 손실되지 않게 하려면 해당 파일을 유니코드 형식으로 저장하십시오.
c:\users\tbdpa\onedrive\문서\github\softwareengineering\과제 3\최종\assign3\assign3\member.h : warning C4819: 현재 코드 페이지(949)에서 표시할 수 없는 문자가 파일에 들어 있습니다. 데이터가 손실되지 않게 하려면 해당 파일을 유니코드 형식으로 저장하십시오.
c:\users\tbdpa\onedrive\문서\github\softwareengineering\과제 3\최종\assign3\assign3\login.cpp(17): warning C4018: '<': signed 또는 unsigned가 일치하지 않습니다.
c:\users\tbdpa\onedrive\문서\github\softwareengineering\과제 3\최종\assign3\assign3\login.cpp(28): warning C4018: '<': signed 또는 unsigned가 일치하지 않습니다.
  main.cpp
c:\users\tbdpa\onedrive\문서\github\softwareengineering\과제 3\최종\assign3\assign3\session.h : warning C4819: 현재 코드 페이지(949)에서 표시할 수 없는 문자가 파일에 들어 있습니다. 데이터가 손실되지 않게 하려면 해당 파일을 유니코드 형식으로 저장하십시오.
c:\users\tbdpa\onedrive\문서\github\softwareengineering\과제 3\최종\assign3\assign3\member.h : warning C4819: 현재 코드 페이지(949)에서 표시할 수 없는 문자가 파일에 들어 있습니다. 데이터가 손실되지 않게 하려면 해당 파일을 유니코드 형식으로 저장하십시오.
c:\users\tbdpa\onedrive\문서\github\softwareengineering\과제 3\최종\assign3\assign3\application.h : warning C4819: 현재 코드 페이지(949)에서 표시할 수 없는 문자가 파일에 들어 있습니다. 데이터가 손실되지 않게 하려면 해당 파일을 유니코드 형식으로 저장하십시오.
c:\users\tbdpa\onedrive\문서\github\softwareengineering\과제 3\최종\assign3\assign3\member.h : warning C4819: 현재 코드 페이지(949)에서 표시할 수 없는 문자가 파일에 들어 있습니다. 데이터가 손실되지 않게 하려면 해당 파일을 유니코드 형식으로 저장하십시오.
c:\users\tbdpa\onedrive\문서\github\softwareengineering\과제 3\최종\assign3\assign3\member.h : warning C4819: 현재 코드 페이지(949)에서 표시할 수 없는 문자가 파일에 들어 있습니다. 데이터가 손실되지 않게 하려면 해당 파일을 유니코드 형식으로 저장하십시오.
c:\users\tbdpa\onedrive\문서\github\softwareengineering\과제 3\최종\assign3\assign3\member.h : warning C4819: 현재 코드 페이지(949)에서 표시할 수 없는 문자가 파일에 들어 있습니다. 데이터가 손실되지 않게 하려면 해당 파일을 유니코드 형식으로 저장하십시오.
c:\users\tbdpa\onedrive\문서\github\softwareengineering\과제 3\최종\assign3\assign3\session.h : warning C4819: 현재 코드 페이지(949)에서 표시할 수 없는 문자가 파일에 들어 있습니다. 데이터가 손실되지 않게 하려면 해당 파일을 유니코드 형식으로 저장하십시오.
c:\users\tbdpa\onedrive\문서\github\softwareengineering\과제 3\최종\assign3\assign3\member.h : warning C4819: 현재 코드 페이지(949)에서 표시할 수 없는 문자가 파일에 들어 있습니다. 데이터가 손실되지 않게 하려면 해당 파일을 유니코드 형식으로 저장하십시오.
c:\users\tbdpa\onedrive\문서\github\softwareengineering\과제 3\최종\assign3\assign3\application.h : warning C4819: 현재 코드 페이지(949)에서 표시할 수 없는 문자가 파일에 들어 있습니다. 데이터가 손실되지 않게 하려면 해당 파일을 유니코드 형식으로 저장하십시오.
c:\users\tbdpa\onedrive\문서\github\softwareengineering\과제 3\최종\assign3\assign3\member.h : warning C4819: 현재 코드 페이지(949)에서 표시할 수 없는 문자가 파일에 들어 있습니다. 데이터가 손실되지 않게 하려면 해당 파일을 유니코드 형식으로 저장하십시오.
c:\users\tbdpa\onedrive\문서\github\softwareengineering\과제 3\최종\assign3\assign3\member.h : warning C4819: 현재 코드 페이지(949)에서 표시할 수 없는 문자가 파일에 들어 있습니다. 데이터가 손실되지 않게 하려면 해당 파일을 유니코드 형식으로 저장하십시오.
c:\users\tbdpa\onedrive\문서\github\softwareengineering\과제 3\최종\assign3\assign3\session.h : warning C4819: 현재 코드 페이지(949)에서 표시할 수 없는 문자가 파일에 들어 있습니다. 데이터가 손실되지 않게 하려면 해당 파일을 유니코드 형식으로 저장하십시오.
c:\users\tbdpa\onedrive\문서\github\softwareengineering\과제 3\최종\assign3\assign3\member.h : warning C4819: 현재 코드 페이지(949)에서 표시할 수 없는 문자가 파일에 들어 있습니다. 데이터가 손실되지 않게 하려면 해당 파일을 유니코드 형식으로 저장하십시오.
c:\users\tbdpa\onedrive\문서\github\softwareengineering\과제 3\최종\assign3\assign3\application.h : warning C4819: 현재 코드 페이지(949)에서 표시할 수 없는 문자가 파일에 들어 있습니다. 데이터가 손실되지 않게 하려면 해당 파일을 유니코드 형식으로 저장하십시오.
c:\users\tbdpa\onedrive\문서\github\softwareengineering\과제 3\최종\assign3\assign3\member.h : warning C4819: 현재 코드 페이지(949)에서 표시할 수 없는 문자가 파일에 들어 있습니다. 데이터가 손실되지 않게 하려면 해당 파일을 유니코드 형식으로 저장하십시오.
c:\users\tbdpa\onedrive\문서\github\softwareengineering\과제 3\최종\assign3\assign3\member.h : warning C4819: 현재 코드 페이지(949)에서 표시할 수 없는 문자가 파일에 들어 있습니다. 데이터가 손실되지 않게 하려면 해당 파일을 유니코드 형식으로 저장하십시오.
c:\users\tbdpa\onedrive\문서\github\softwareengineering\과제 3\최종\assign3\assign3\member.h : warning C4819: 현재 코드 페이지(949)에서 표시할 수 없는 문자가 파일에 들어 있습니다. 데이터가 손실되지 않게 하려면 해당 파일을 유니코드 형식으로 저장하십시오.
c:\users\tbdpa\onedrive\문서\github\softwareengineering\과제 3\최종\assign3\assign3\member.h : warning C4819: 현재 코드 페이지(949)에서 표시할 수 없는 문자가 파일에 들어 있습니다. 데이터가 손실되지 않게 하려면 해당 파일을 유니코드 형식으로 저장하십시오.
c:\users\tbdpa\onedrive\문서\github\softwareengineering\과제 3\최종\assign3\assign3\session.h : warning C4819: 현재 코드 페이지(949)에서 표시할 수 없는 문자가 파일에 들어 있습니다. 데이터가 손실되지 않게 하려면 해당 파일을 유니코드 형식으로 저장하십시오.
c:\users\tbdpa\onedrive\문서\github\softwareengineering\과제 3\최종\assign3\assign3\member.h : warning C4819: 현재 코드 페이지(949)에서 표시할 수 없는 문자가 파일에 들어 있습니다. 데이터가 손실되지 않게 하려면 해당 파일을 유니코드 형식으로 저장하십시오.
c:\users\tbdpa\onedrive\문서\github\softwareengineering\과제 3\최종\assign3\assign3\member.h : warning C4819: 현재 코드 페이지(949)에서 표시할 수 없는 문자가 파일에 들어 있습니다. 데이터가 손실되지 않게 하려면 해당 파일을 유니코드 형식으로 저장하십시오.
c:\users\tbdpa\onedrive\문서\github\softwareengineering\과제 3\최종\assign3\assign3\application.h : warning C4819: 현재 코드 페이지(949)에서 표시할 수 없는 문자가 파일에 들어 있습니다. 데이터가 손실되지 않게 하려면 해당 파일을 유니코드 형식으로 저장하십시오.
c:\users\tbdpa\onedrive\문서\github\softwareengineering\과제 3\최종\assign3\assign3\member.h : warning C4819: 현재 코드 페이지(949)에서 표시할 수 없는 문자가 파일에 들어 있습니다. 데이터가 손실되지 않게 하려면 해당 파일을 유니코드 형식으로 저장하십시오.
c:\users\tbdpa\onedrive\문서\github\softwareengineering\과제 3\최종\assign3\assign3\member.h : warning C4819: 현재 코드 페이지(949)에서 표시할 수 없는 문자가 파일에 들어 있습니다. 데이터가 손실되지 않게 하려면 해당 파일을 유니코드 형식으로 저장하십시오.
c:\users\tbdpa\onedrive\문서\github\softwareengineering\과제 3\최종\assign3\assign3\member.h : warning C4819: 현재 코드 페이지(949)에서 표시할 수 없는 문자가 파일에 들어 있습니다. 데이터가 손실되지 않게 하려면 해당 파일을 유니코드 형식으로 저장하십시오.
c:\users\tbdpa\onedrive\문서\github\softwareengineering\과제 3\최종\assign3\assign3\application.h : warning C4819: 현재 코드 페이지(949)에서 표시할 수 없는 문자가 파일에 들어 있습니다. 데이터가 손실되지 않게 하려면 해당 파일을 유니코드 형식으로 저장하십시오.
c:\users\tbdpa\onedrive\문서\github\softwareengineering\과제 3\최종\assign3\assign3\member.h : warning C4819: 현재 코드 페이지(949)에서 표시할 수 없는 문자가 파일에 들어 있습니다. 데이터가 손실되지 않게 하려면 해당 파일을 유니코드 형식으로 저장하십시오.
c:\users\tbdpa\onedrive\문서\github\softwareengineering\과제 3\최종\assign3\assign3\member.h : warning C4819: 현재 코드 페이지(949)에서 표시할 수 없는 문자가 파일에 들어 있습니다. 데이터가 손실되지 않게 하려면 해당 파일을 유니코드 형식으로 저장하십시오.
c:\users\tbdpa\onedrive\문서\github\softwareengineering\과제 3\최종\assign3\assign3\session.h : warning C4819: 현재 코드 페이지(949)에서 표시할 수 없는 문자가 파일에 들어 있습니다. 데이터가 손실되지 않게 하려면 해당 파일을 유니코드 형식으로 저장하십시오.
c:\users\tbdpa\onedrive\문서\github\softwareengineering\과제 3\최종\assign3\assign3\member.h : warning C4819: 현재 코드 페이지(949)에서 표시할 수 없는 문자가 파일에 들어 있습니다. 데이터가 손실되지 않게 하려면 해당 파일을 유니코드 형식으로 저장하십시오.
c:\users\tbdpa\onedrive\문서\github\softwareengineering\과제 3\최종\assign3\assign3\member.h : warning C4819: 현재 코드 페이지(949)에서 표시할 수 없는 문자가 파일에 들어 있습니다. 데이터가 손실되지 않게 하려면 해당 파일을 유니코드 형식으로 저장하십시오.
c:\users\tbdpa\onedrive\문서\github\softwareengineering\과제 3\최종\assign3\assign3\session.h : warning C4819: 현재 코드 페이지(949)에서 표시할 수 없는 문자가 파일에 들어 있습니다. 데이터가 손실되지 않게 하려면 해당 파일을 유니코드 형식으로 저장하십시오.
c:\users\tbdpa\onedrive\문서\github\softwareengineering\과제 3\최종\assign3\assign3\member.h : warning C4819: 현재 코드 페이지(949)에서 표시할 수 없는 문자가 파일에 들어 있습니다. 데이터가 손실되지 않게 하려면 해당 파일을 유니코드 형식으로 저장하십시오.
c:\users\tbdpa\onedrive\문서\github\softwareengineering\과제 3\최종\assign3\assign3\member.h : warning C4819: 현재 코드 페이지(949)에서 표시할 수 없는 문자가 파일에 들어 있습니다. 데이터가 손실되지 않게 하려면 해당 파일을 유니코드 형식으로 저장하십시오.
c:\users\tbdpa\onedrive\문서\github\softwareengineering\과제 3\최종\assign3\assign3\session.h : warning C4819: 현재 코드 페이지(949)에서 표시할 수 없는 문자가 파일에 들어 있습니다. 데이터가 손실되지 않게 하려면 해당 파일을 유니코드 형식으로 저장하십시오.
c:\users\tbdpa\onedrive\문서\github\softwareengineering\과제 3\최종\assign3\assign3\member.h : warning C4819: 현재 코드 페이지(949)에서 표시할 수 없는 문자가 파일에 들어 있습니다. 데이터가 손실되지 않게 하려면 해당 파일을 유니코드 형식으로 저장하십시오.
c:\users\tbdpa\onedrive\문서\github\softwareengineering\과제 3\최종\assign3\assign3\member.h : warning C4819: 현재 코드 페이지(949)에서 표시할 수 없는 문자가 파일에 들어 있습니다. 데이터가 손실되지 않게 하려면 해당 파일을 유니코드 형식으로 저장하십시오.
c:\users\tbdpa\onedrive\문서\github\softwareengineering\과제 3\최종\assign3\assign3\member.h : warning C4819: 현재 코드 페이지(949)에서 표시할 수 없는 문자가 파일에 들어 있습니다. 데이터가 손실되지 않게 하려면 해당 파일을 유니코드 형식으로 저장하십시오.
c:\users\tbdpa\onedrive\문서\github\softwareengineering\과제 3\최종\assign3\assign3\member.h : warning C4819: 현재 코드 페이지(949)에서 표시할 수 없는 문자가 파일에 들어 있습니다. 데이터가 손실되지 않게 하려면 해당 파일을 유니코드 형식으로 저장하십시오.
c:\users\tbdpa\onedrive\문서\github\softwareengineering\과제 3\최종\assign3\assign3\session.h : warning C4819: 현재 코드 페이지(949)에서 표시할 수 없는 문자가 파일에 들어 있습니다. 데이터가 손실되지 않게 하려면 해당 파일을 유니코드 형식으로 저장하십시오.
c:\users\tbdpa\onedrive\문서\github\softwareengineering\과제 3\최종\assign3\assign3\member.h : warning C4819: 현재 코드 페이지(949)에서 표시할 수 없는 문자가 파일에 들어 있습니다. 데이터가 손실되지 않게 하려면 해당 파일을 유니코드 형식으로 저장하십시오.
c:\users\tbdpa\onedrive\문서\github\softwareengineering\과제 3\최종\assign3\assign3\logout.h : warning C4819: 현재 코드 페이지(949)에서 표시할 수 없는 문자가 파일에 들어 있습니다. 데이터가 손실되지 않게 하려면 해당 파일을 유니코드 형식으로 저장하십시오.
c:\users\tbdpa\onedrive\문서\github\softwareengineering\과제 3\최종\assign3\assign3\session.h : warning C4819: 현재 코드 페이지(949)에서 표시할 수 없는 문자가 파일에 들어 있습니다. 데이터가 손실되지 않게 하려면 해당 파일을 유니코드 형식으로 저장하십시오.
c:\users\tbdpa\onedrive\문서\github\softwareengineering\과제 3\최종\assign3\assign3\member.h : warning C4819: 현재 코드 페이지(949)에서 표시할 수 없는 문자가 파일에 들어 있습니다. 데이터가 손실되지 않게 하려면 해당 파일을 유니코드 형식으로 저장하십시오.
c:\users\tbdpa\onedrive\문서\github\softwareengineering\과제 3\최종\assign3\assign3\member.h : warning C4819: 현재 코드 페이지(949)에서 표시할 수 없는 문자가 파일에 들어 있습니다. 데이터가 손실되지 않게 하려면 해당 파일을 유니코드 형식으로 저장하십시오.
c:\users\tbdpa\onedrive\문서\github\softwareengineering\과제 3\최종\assign3\assign3\member.h : warning C4819: 현재 코드 페이지(949)에서 표시할 수 없는 문자가 파일에 들어 있습니다. 데이터가 손실되지 않게 하려면 해당 파일을 유니코드 형식으로 저장하십시오.
c:\users\tbdpa\onedrive\문서\github\softwareengineering\과제 3\최종\assign3\assign3\application.h : warning C4819: 현재 코드 페이지(949)에서 표시할 수 없는 문자가 파일에 들어 있습니다. 데이터가 손실되지 않게 하려면 해당 파일을 유니코드 형식으로 저장하십시오.
c:\users\tbdpa\onedrive\문서\github\softwareengineering\과제 3\최종\assign3\assign3\member.h : warning C4819: 현재 코드 페이지(949)에서 표시할 수 없는 문자가 파일에 들어 있습니다. 데이터가 손실되지 않게 하려면 해당 파일을 유니코드 형식으로 저장하십시오.
c:\users\tbdpa\onedrive\문서\github\softwareengineering\과제 3\최종\assign3\assign3\member.h : warning C4819: 현재 코드 페이지(949)에서 표시할 수 없는 문자가 파일에 들어 있습니다. 데이터가 손실되지 않게 하려면 해당 파일을 유니코드 형식으로 저장하십시오.
c:\users\tbdpa\onedrive\문서\github\softwareengineering\과제 3\최종\assign3\assign3\member.h : warning C4819: 현재 코드 페이지(949)에서 표시할 수 없는 문자가 파일에 들어 있습니다. 데이터가 손실되지 않게 하려면 해당 파일을 유니코드 형식으로 저장하십시오.
c:\users\tbdpa\onedrive\문서\github\softwareengineering\과제 3\최종\assign3\assign3\session.h : warning C4819: 현재 코드 페이지(949)에서 표시할 수 없는 문자가 파일에 들어 있습니다. 데이터가 손실되지 않게 하려면 해당 파일을 유니코드 형식으로 저장하십시오.
c:\users\tbdpa\onedrive\문서\github\softwareengineering\과제 3\최종\assign3\assign3\member.h : warning C4819: 현재 코드 페이지(949)에서 표시할 수 없는 문자가 파일에 들어 있습니다. 데이터가 손실되지 않게 하려면 해당 파일을 유니코드 형식으로 저장하십시오.
c:\users\tbdpa\onedrive\문서\github\softwareengineering\과제 3\최종\assign3\assign3\member.h : warning C4819: 현재 코드 페이지(949)에서 표시할 수 없는 문자가 파일에 들어 있습니다. 데이터가 손실되지 않게 하려면 해당 파일을 유니코드 형식으로 저장하십시오.
c:\users\tbdpa\onedrive\문서\github\softwareengineering\과제 3\최종\assign3\assign3\member.h : warning C4819: 현재 코드 페이지(949)에서 표시할 수 없는 문자가 파일에 들어 있습니다. 데이터가 손실되지 않게 하려면 해당 파일을 유니코드 형식으로 저장하십시오.
c:\users\tbdpa\onedrive\문서\github\softwareengineering\과제 3\최종\assign3\assign3\session.h : warning C4819: 현재 코드 페이지(949)에서 표시할 수 없는 문자가 파일에 들어 있습니다. 데이터가 손실되지 않게 하려면 해당 파일을 유니코드 형식으로 저장하십시오.
c:\users\tbdpa\onedrive\문서\github\softwareengineering\과제 3\최종\assign3\assign3\member.h : warning C4819: 현재 코드 페이지(949)에서 표시할 수 없는 문자가 파일에 들어 있습니다. 데이터가 손실되지 않게 하려면 해당 파일을 유니코드 형식으로 저장하십시오.
  코드를 생성하고 있습니다...
  assign3.vcxproj -> C:\Users\tbdpa\OneDrive\문서\GitHub\softwareEngineering\과제 3\최종\assign3\Debug\assign3.exe
